<?xml version="1.0" encoding="UTF-8"?>
<!-- Generated by org.testng.reporters.JUnitReportReporter -->
<testsuite hostname="DESKTOP-FEPEQ81" failures="0" tests="1" name="computer_functionality.tc_2" time="26.734" errors="0" timestamp="2022-09-18T23:16:41 IST" skipped="0">
  <testcase classname="computer_functionality.tc_2" name="tes" time="26.734"/>
  <system-out/>
</testsuite> <!-- computer_functionality.tc_2 -->
