<?xml version="1.0" encoding="UTF-8"?>
<!-- Generated by org.testng.reporters.JUnitReportReporter -->
<testsuite hostname="DESKTOP-FEPEQ81" failures="0" tests="1" name="computer_functionality.Tc_3" time="20.135" errors="0" timestamp="2022-09-18T23:16:41 IST" skipped="0">
  <testcase classname="computer_functionality.Tc_3" name="te" time="20.135"/>
  <system-out/>
</testsuite> <!-- computer_functionality.Tc_3 -->
