<?xml version="1.0" encoding="UTF-8"?>
<!-- Generated by org.testng.reporters.JUnitReportReporter -->
<testsuite hostname="DESKTOP-FEPEQ81" failures="0" tests="1" name="Apperal_Functionality.Clothings" time="41.833" errors="0" timestamp="2022-10-04T12:42:44 IST" skipped="0">
  <testcase classname="Apperal_Functionality.Clothings" name="te" time="41.833"/>
  <system-out/>
</testsuite> <!-- Apperal_Functionality.Clothings -->
