<?xml version="1.0" encoding="UTF-8"?>
<!-- Generated by org.testng.reporters.JUnitReportReporter -->
<testsuite hostname="DESKTOP-FEPEQ81" failures="0" tests="1" name="computer_functionality.Tc_3_Software" time="39.281" errors="0" timestamp="2022-10-03T13:12:04 IST" skipped="0">
  <testcase classname="computer_functionality.Tc_3_Software" name="te" time="39.281"/>
  <system-out/>
</testsuite> <!-- computer_functionality.Tc_3_Software -->
