<?xml version="1.0" encoding="UTF-8"?>
<!-- Generated by org.testng.reporters.JUnitReportReporter -->
<testsuite hostname="DESKTOP-FEPEQ81" failures="0" tests="1" name="computer_functionality.tc_1" time="31.008" errors="0" timestamp="2022-09-29T19:15:05 IST" skipped="0">
  <testcase classname="computer_functionality.tc_1" name="te" time="31.008"/>
  <system-out/>
</testsuite> <!-- computer_functionality.tc_1 -->
