<?xml version="1.0" encoding="UTF-8"?>
<!-- Generated by org.testng.reporters.JUnitReportReporter -->
<testsuite hostname="DESKTOP-FEPEQ81" failures="0" tests="1" name="Login_functionality.tc_01" time="22.682" errors="0" timestamp="2022-10-06T15:10:50 IST" skipped="0">
  <testcase classname="Login_functionality.tc_01" name="te" time="22.682"/>
  <system-out/>
</testsuite> <!-- Login_functionality.tc_01 -->
