<?xml version="1.0" encoding="UTF-8"?>
<!-- Generated by org.testng.reporters.JUnitReportReporter -->
<testsuite hostname="DESKTOP-FEPEQ81" failures="0" tests="1" name="RegisterFunctionality.Tc1" time="34.442" errors="0" timestamp="2022-10-06T08:52:12 IST" skipped="0">
  <testcase classname="RegisterFunctionality.Tc1" name="te" time="34.442"/>
  <system-out/>
</testsuite> <!-- RegisterFunctionality.Tc1 -->
