<?xml version="1.0" encoding="UTF-8"?>
<!-- Generated by org.testng.reporters.JUnitReportReporter -->
<testsuite hostname="DESKTOP-FEPEQ81" failures="0" tests="1" name="Jewelry_functionality.jewelry_tc" time="38.160" errors="0" timestamp="2022-10-04T13:47:03 IST" skipped="0">
  <testcase classname="Jewelry_functionality.jewelry_tc" name="te" time="38.160"/>
  <system-out/>
</testsuite> <!-- Jewelry_functionality.jewelry_tc -->
