<?xml version="1.0" encoding="UTF-8"?>
<!-- Generated by org.testng.reporters.JUnitReportReporter -->
<testsuite hostname="DESKTOP-FEPEQ81" failures="0" tests="1" name="Apperal_Functionality.Accessories_tc" time="32.899" errors="0" timestamp="2022-10-04T13:11:32 IST" skipped="0">
  <testcase classname="Apperal_Functionality.Accessories_tc" name="te" time="32.899"/>
  <system-out/>
</testsuite> <!-- Apperal_Functionality.Accessories_tc -->
