<?xml version="1.0" encoding="UTF-8"?>
<!-- Generated by org.testng.reporters.JUnitReportReporter -->
<testsuite hostname="DESKTOP-FEPEQ81" failures="0" tests="1" name="Searchbox_functionality.searchbox_tc01" time="17.411" errors="0" timestamp="2022-10-06T11:10:03 IST" skipped="0">
  <testcase classname="Searchbox_functionality.searchbox_tc01" name="te" time="17.411"/>
  <system-out/>
</testsuite> <!-- Searchbox_functionality.searchbox_tc01 -->
