<?xml version="1.0" encoding="UTF-8"?>
<!-- Generated by org.testng.reporters.JUnitReportReporter -->
<testsuite hostname="DESKTOP-FEPEQ81" failures="0" tests="1" name="computer_functionality.Tc_3" time="34.392" errors="0" timestamp="2022-10-01T20:09:38 IST" skipped="0">
  <testcase classname="computer_functionality.Tc_3" name="te" time="34.392"/>
  <system-out/>
</testsuite> <!-- computer_functionality.Tc_3 -->
