<?xml version="1.0" encoding="UTF-8"?>
<!-- Generated by org.testng.reporters.JUnitReportReporter -->
<testsuite hostname="DESKTOP-FEPEQ81" failures="0" tests="1" name="find_Links.Broken_links" time="74.762" errors="0" timestamp="2022-10-03T12:21:22 IST" skipped="0">
  <testcase classname="find_Links.Broken_links" name="te" time="74.762"/>
  <system-out/>
</testsuite> <!-- find_Links.Broken_links -->
