<?xml version="1.0" encoding="UTF-8"?>
<!-- Generated by org.testng.reporters.JUnitReportReporter -->
<testsuite hostname="DESKTOP-FEPEQ81" failures="0" tests="1" name="USDoller_Functionality.usdoller_tc2" time="20.414" errors="0" timestamp="2022-10-06T10:24:44 IST" skipped="0">
  <testcase classname="USDoller_Functionality.usdoller_tc2" name="te" time="20.414"/>
  <system-out/>
</testsuite> <!-- USDoller_Functionality.usdoller_tc2 -->
