<?xml version="1.0" encoding="UTF-8"?>
<!-- Generated by org.testng.reporters.JUnitReportReporter -->
<testsuite hostname="DESKTOP-FEPEQ81" failures="0" tests="1" name="find_Links.totalLinks" time="28.484" errors="0" timestamp="2022-10-03T11:21:04 IST" skipped="0">
  <testcase classname="find_Links.totalLinks" name="te" time="28.484"/>
  <system-out/>
</testsuite> <!-- find_Links.totalLinks -->
