<?xml version="1.0" encoding="UTF-8"?>
<!-- Generated by org.testng.reporters.JUnitReportReporter -->
<testsuite hostname="DESKTOP-FEPEQ81" failures="0" tests="1" name="Digitaldownloads_functionality.Digitaldownloads_tc" time="18.639" errors="0" timestamp="2022-10-04T13:28:33 IST" skipped="0">
  <testcase classname="Digitaldownloads_functionality.Digitaldownloads_tc" name="te" time="18.639"/>
  <system-out/>
</testsuite> <!-- Digitaldownloads_functionality.Digitaldownloads_tc -->
