<?xml version="1.0" encoding="UTF-8"?>
<!-- Generated by org.testng.reporters.JUnitReportReporter -->
<testsuite hostname="DESKTOP-FEPEQ81" failures="0" tests="1" name="Books_functionality.books_tc" time="33.455" errors="0" timestamp="2022-10-04T13:39:18 IST" skipped="0">
  <testcase classname="Books_functionality.books_tc" name="te" time="33.455"/>
  <system-out/>
</testsuite> <!-- Books_functionality.books_tc -->
