<?xml version="1.0" encoding="UTF-8"?>
<!-- Generated by org.testng.reporters.JUnitReportReporter -->
<testsuite hostname="DESKTOP-FEPEQ81" failures="0" tests="1" name="Apperal_Functionality.Shoe" time="30.073" errors="0" timestamp="2022-10-04T12:33:21 IST" skipped="0">
  <testcase classname="Apperal_Functionality.Shoe" name="te" time="30.073"/>
  <system-out/>
</testsuite> <!-- Apperal_Functionality.Shoe -->
