<?xml version="1.0" encoding="UTF-8"?>
<!-- Generated by org.testng.reporters.JUnitReportReporter -->
<testsuite hostname="DESKTOP-FEPEQ81" failures="0" tests="1" name="Electronics_Functionality.Others" time="29.044" errors="0" timestamp="2022-10-04T12:18:52 IST" skipped="0">
  <testcase classname="Electronics_Functionality.Others" name="te" time="29.044"/>
  <system-out/>
</testsuite> <!-- Electronics_Functionality.Others -->
