<?xml version="1.0" encoding="UTF-8"?>
<!-- Generated by org.testng.reporters.JUnitReportReporter -->
<testsuite hostname="DESKTOP-FEPEQ81" failures="0" tests="1" name="Electronics_Functionality.camer_photo" time="48.691" errors="0" timestamp="2022-10-04T11:10:13 IST" skipped="0">
  <testcase classname="Electronics_Functionality.camer_photo" name="te" time="48.691"/>
  <system-out/>
</testsuite> <!-- Electronics_Functionality.camer_photo -->
