<?xml version="1.0" encoding="UTF-8"?>
<!-- Generated by org.testng.reporters.JUnitReportReporter -->
<testsuite hostname="DESKTOP-FEPEQ81" failures="0" tests="1" name="Electronics_Functionality.cell_phones" time="22.618" errors="0" timestamp="2022-10-04T12:12:29 IST" skipped="0">
  <testcase classname="Electronics_Functionality.cell_phones" name="te" time="22.618"/>
  <system-out/>
</testsuite> <!-- Electronics_Functionality.cell_phones -->
