<?xml version="1.0" encoding="UTF-8"?>
<!-- Generated by org.testng.reporters.JUnitReportReporter -->
<testsuite hostname="DESKTOP-FEPEQ81" failures="0" tests="1" name="USDoller_Functionality.dropdown_Tc1" time="19.196" errors="0" timestamp="2022-10-06T10:10:54 IST" skipped="0">
  <testcase classname="USDoller_Functionality.dropdown_Tc1" name="te" time="19.196"/>
  <system-out/>
</testsuite> <!-- USDoller_Functionality.dropdown_Tc1 -->
