<?xml version="1.0" encoding="UTF-8"?>
<!-- Generated by org.testng.reporters.JUnitReportReporter -->
<testsuite hostname="DESKTOP-FEPEQ81" failures="0" tests="1" name="Searchbox_functionality.click_SubmitButton_tc02" time="21.136" errors="0" timestamp="2022-10-06T11:50:22 IST" skipped="0">
  <testcase classname="Searchbox_functionality.click_SubmitButton_tc02" name="te" time="21.136"/>
  <system-out/>
</testsuite> <!-- Searchbox_functionality.click_SubmitButton_tc02 -->
