<?xml version="1.0" encoding="UTF-8"?>
<!-- Generated by org.testng.reporters.JUnitReportReporter -->
<testsuite hostname="DESKTOP-FEPEQ81" failures="0" tests="1" name="Searchbox_functionality.Tc_01" time="23.876" errors="0" timestamp="2022-10-06T10:57:47 IST" skipped="0">
  <testcase classname="Searchbox_functionality.Tc_01" name="te" time="23.876"/>
  <system-out/>
</testsuite> <!-- Searchbox_functionality.Tc_01 -->
