<?xml version="1.0" encoding="UTF-8"?>
<!-- Generated by org.testng.reporters.JUnitReportReporter -->
<testsuite hostname="DESKTOP-FEPEQ81" failures="0" tests="4" name="Login_functionality.DataDrivenTest_of_login" time="106.849" errors="0" timestamp="2022-10-06T16:32:50 IST" skipped="0">
  <testcase classname="Login_functionality.DataDrivenTest_of_login" name="loginTest" time="21.766"/>
  <system-out/>
  <testcase classname="Login_functionality.DataDrivenTest_of_login" name="loginTest" time="27.934"/>
  <system-out/>
  <testcase classname="Login_functionality.DataDrivenTest_of_login" name="loginTest" time="20.681"/>
  <system-out/>
  <testcase classname="Login_functionality.DataDrivenTest_of_login" name="loginTest" time="36.468"/>
  <system-out/>
</testsuite> <!-- Login_functionality.DataDrivenTest_of_login -->
